{"/Users/yemiwebby/tutorial/circleci/circleci-serverless-unit-testing/handler.js": {"path":"/Users/yemiwebby/tutorial/circleci/circleci-serverless-unit-testing/handler.js","statementMap":{"0":{"start":{"line":3,"column":12},"end":{"line":3,"column":30}},"1":{"start":{"line":4,"column":23},"end":{"line":4,"column":38}},"2":{"start":{"line":5,"column":9},"end":{"line":5,"column":22}},"3":{"start":{"line":6,"column":22},"end":{"line":6,"column":51}},"4":{"start":{"line":7,"column":0},"end":{"line":7,"column":43}},"5":{"start":{"line":9,"column":10},"end":{"line":9,"column":28}},"6":{"start":{"line":10,"column":11},"end":{"line":10,"column":23}},"7":{"start":{"line":12,"column":19},"end":{"line":12,"column":41}},"8":{"start":{"line":13,"column":20},"end":{"line":13,"column":43}},"9":{"start":{"line":15,"column":0},"end":{"line":44,"column":2}},"10":{"start":{"line":16,"column":2},"end":{"line":43,"column":3}},"11":{"start":{"line":17,"column":30},"end":{"line":17,"column":63}},"12":{"start":{"line":18,"column":18},"end":{"line":18,"column":32}},"13":{"start":{"line":19,"column":17},"end":{"line":25,"column":5}},"14":{"start":{"line":28,"column":4},"end":{"line":28,"column":40}},"15":{"start":{"line":29,"column":4},"end":{"line":40,"column":6}},"16":{"start":{"line":42,"column":4},"end":{"line":42,"column":46}},"17":{"start":{"line":46,"column":34},"end":{"line":51,"column":1}},"18":{"start":{"line":47,"column":17},"end":{"line":47,"column":42}},"19":{"start":{"line":48,"column":20},"end":{"line":48,"column":37}},"20":{"start":{"line":49,"column":2},"end":{"line":49,"column":53}},"21":{"start":{"line":50,"column":2},"end":{"line":50,"column":19}},"22":{"start":{"line":53,"column":19},"end":{"line":72,"column":1}},"23":{"start":{"line":55,"column":22},"end":{"line":55,"column":47}},"24":{"start":{"line":58,"column":17},"end":{"line":62,"column":3}},"25":{"start":{"line":65,"column":2},"end":{"line":70,"column":5}},"26":{"start":{"line":66,"column":4},"end":{"line":68,"column":5}},"27":{"start":{"line":67,"column":6},"end":{"line":67,"column":16}},"28":{"start":{"line":69,"column":4},"end":{"line":69,"column":64}},"29":{"start":{"line":71,"column":2},"end":{"line":71,"column":19}},"30":{"start":{"line":75,"column":13},"end":{"line":75,"column":25}},"31":{"start":{"line":76,"column":15},"end":{"line":76,"column":30}},"32":{"start":{"line":78,"column":2},"end":{"line":83,"column":5}},"33":{"start":{"line":79,"column":4},"end":{"line":81,"column":5}},"34":{"start":{"line":80,"column":6},"end":{"line":80,"column":43}},"35":{"start":{"line":82,"column":4},"end":{"line":82,"column":36}},"36":{"start":{"line":87,"column":2},"end":{"line":90,"column":4}}},"fnMap":{"0":{"name":"(anonymous_0)","decl":{"start":{"line":15,"column":38},"end":{"line":15,"column":39}},"loc":{"start":{"line":15,"column":55},"end":{"line":44,"column":1}},"line":15},"1":{"name":"(anonymous_1)","decl":{"start":{"line":46,"column":34},"end":{"line":46,"column":35}},"loc":{"start":{"line":46,"column":46},"end":{"line":51,"column":1}},"line":46},"2":{"name":"(anonymous_2)","decl":{"start":{"line":53,"column":19},"end":{"line":53,"column":20}},"loc":{"start":{"line":53,"column":50},"end":{"line":72,"column":1}},"line":53},"3":{"name":"(anonymous_3)","decl":{"start":{"line":65,"column":20},"end":{"line":65,"column":21}},"loc":{"start":{"line":65,"column":41},"end":{"line":70,"column":3}},"line":65},"4":{"name":"writeCsvToFileAndUpload","decl":{"start":{"line":74,"column":15},"end":{"line":74,"column":38}},"loc":{"start":{"line":74,"column":60},"end":{"line":84,"column":1}},"line":74},"5":{"name":"(anonymous_5)","decl":{"start":{"line":78,"column":33},"end":{"line":78,"column":34}},"loc":{"start":{"line":78,"column":48},"end":{"line":83,"column":3}},"line":78},"6":{"name":"getCsvData","decl":{"start":{"line":86,"column":9},"end":{"line":86,"column":19}},"loc":{"start":{"line":86,"column":22},"end":{"line":91,"column":1}},"line":86}},"branchMap":{"0":{"loc":{"start":{"line":66,"column":4},"end":{"line":68,"column":5}},"type":"if","locations":[{"start":{"line":66,"column":4},"end":{"line":68,"column":5}},{"start":{},"end":{}}],"line":66},"1":{"loc":{"start":{"line":79,"column":4},"end":{"line":81,"column":5}},"type":"if","locations":[{"start":{"line":79,"column":4},"end":{"line":81,"column":5}},{"start":{},"end":{}}],"line":79}},"s":{"0":2,"1":2,"2":2,"3":2,"4":2,"5":2,"6":2,"7":2,"8":2,"9":2,"10":2,"11":2,"12":2,"13":2,"14":2,"15":1,"16":1,"17":2,"18":2,"19":2,"20":2,"21":2,"22":2,"23":0,"24":0,"25":0,"26":0,"27":0,"28":0,"29":0,"30":2,"31":2,"32":2,"33":0,"34":0,"35":0,"36":2},"f":{"0":2,"1":2,"2":0,"3":0,"4":2,"5":0,"6":2},"b":{"0":[0,0],"1":[0,0]},"_coverageSchema":"1a1c01bbd47fc00a2c39e90264f33305004495a9","hash":"0f54b42c8750764e994045871b15ed66af773423"}
}
