TN:
SF:handler.js
FN:15,(anonymous_0)
FN:46,(anonymous_1)
FN:53,(anonymous_2)
FN:65,(anonymous_3)
FN:74,writeCsvToFileAndUpload
FN:78,(anonymous_5)
FN:86,getCsvData
FNF:7
FNH:4
FNDA:2,(anonymous_0)
FNDA:2,(anonymous_1)
FNDA:0,(anonymous_2)
FNDA:0,(anonymous_3)
FNDA:2,writeCsvToFileAndUpload
FNDA:0,(anonymous_5)
FNDA:2,getCsvData
DA:3,2
DA:4,2
DA:5,2
DA:6,2
DA:7,2
DA:9,2
DA:10,2
DA:12,2
DA:13,2
DA:15,2
DA:16,2
DA:17,2
DA:18,2
DA:19,2
DA:28,2
DA:29,1
DA:42,1
DA:46,2
DA:47,2
DA:48,2
DA:49,2
DA:50,2
DA:53,2
DA:55,0
DA:58,0
DA:65,0
DA:66,0
DA:67,0
DA:69,0
DA:71,0
DA:75,2
DA:76,2
DA:78,2
DA:79,0
DA:80,0
DA:82,0
DA:87,2
LF:37
LH:27
BRDA:66,0,0,0
BRDA:66,0,1,0
BRDA:79,1,0,0
BRDA:79,1,1,0
BRF:4
BRH:0
end_of_record
